<?xml version="1.0" encoding="UTF-8"?>
<!-- Generated by org.testng.reporters.JUnitReportReporter -->
<testsuite hostname="DESKTOP-C94AI5B" failures="0" tests="1" name="lec5.lec5" time="2.896" errors="0" timestamp="2024-03-29T02:22:36 EET" skipped="0">
  <testcase classname="lec5.lec5" name="MyTest" time="2.896"/>
  <system-out/>
</testsuite> <!-- lec5.lec5 -->
